<?xml version="1.0" encoding="UTF-8"?>
<testng-results ignored="0" total="1" passed="1" failed="0" skipped="0">
  <reporter-output>
  </reporter-output>
  <suite started-at="2021-05-25T21:46:13 IST" name="Default suite" finished-at="2021-05-25T21:46:35 IST" duration-ms="22059">
    <groups>
    </groups>
    <test started-at="2021-05-25T21:46:13 IST" name="Default test" finished-at="2021-05-25T21:46:35 IST" duration-ms="22059">
      <class name="com.mmt.qa.testCases.HomePageTest">
        <test-method is-config="true" signature="setup()[pri:0, instance:com.mmt.qa.testCases.HomePageTest@25ce9dc4]" started-at="2021-05-25T21:46:13 IST" name="setup" finished-at="2021-05-25T21:46:33 IST" duration-ms="20053" status="PASS">
          <reporter-output>
          </reporter-output>
        </test-method> <!-- setup -->
        <test-method signature="validate_header_elements_test()[pri:0, instance:com.mmt.qa.testCases.HomePageTest@25ce9dc4]" started-at="2021-05-25T21:46:33 IST" name="validate_header_elements_test" finished-at="2021-05-25T21:46:35 IST" duration-ms="1960" status="PASS">
          <reporter-output>
          </reporter-output>
        </test-method> <!-- validate_header_elements_test -->
      </class> <!-- com.mmt.qa.testCases.HomePageTest -->
    </test> <!-- Default test -->
  </suite> <!-- Default suite -->
</testng-results>
