<?xml version="1.0" encoding="UTF-8"?>
<testng-results ignored="0" total="4" passed="3" failed="1" skipped="0">
  <reporter-output>
  </reporter-output>
  <suite started-at="2021-05-25T18:38:00 IST" name="MakeMyTrip" finished-at="2021-05-25T18:39:45 IST" duration-ms="105615">
    <groups>
    </groups>
    <test started-at="2021-05-25T18:38:00 IST" name="Test1" finished-at="2021-05-25T18:39:45 IST" duration-ms="105615">
      <class name="com.mmt.qa.testCases.FlightsPageTest">
        <test-method is-config="true" signature="setup()[pri:0, instance:com.mmt.qa.testCases.FlightsPageTest@10959ece]" started-at="2021-05-25T18:38:00 IST" name="setup" finished-at="2021-05-25T18:38:36 IST" duration-ms="36229" status="PASS">
          <reporter-output>
          </reporter-output>
        </test-method> <!-- setup -->
        <test-method signature="click_btn_login_test()[pri:1, instance:com.mmt.qa.testCases.FlightsPageTest@10959ece]" started-at="2021-05-25T18:38:36 IST" name="click_btn_login_test" finished-at="2021-05-25T18:38:46 IST" duration-ms="10004" status="PASS">
          <reporter-output>
          </reporter-output>
        </test-method> <!-- click_btn_login_test -->
        <test-method is-config="true" signature="teardown()[pri:0, instance:com.mmt.qa.testCases.FlightsPageTest@10959ece]" started-at="2021-05-25T18:38:46 IST" name="teardown" finished-at="2021-05-25T18:38:46 IST" duration-ms="326" status="PASS">
          <reporter-output>
          </reporter-output>
        </test-method> <!-- teardown -->
        <test-method is-config="true" signature="setup()[pri:0, instance:com.mmt.qa.testCases.FlightsPageTest@10959ece]" started-at="2021-05-25T18:38:47 IST" name="setup" finished-at="2021-05-25T18:39:07 IST" duration-ms="20588" status="PASS">
          <reporter-output>
          </reporter-output>
        </test-method> <!-- setup -->
        <test-method signature="verify_flights_title_test()[pri:2, instance:com.mmt.qa.testCases.FlightsPageTest@10959ece]" started-at="2021-05-25T18:39:07 IST" name="verify_flights_title_test" finished-at="2021-05-25T18:39:09 IST" duration-ms="1642" status="PASS">
          <reporter-output>
          </reporter-output>
        </test-method> <!-- verify_flights_title_test -->
        <test-method is-config="true" signature="teardown()[pri:0, instance:com.mmt.qa.testCases.FlightsPageTest@10959ece]" started-at="2021-05-25T18:39:09 IST" name="teardown" finished-at="2021-05-25T18:39:10 IST" duration-ms="1149" status="PASS">
          <reporter-output>
          </reporter-output>
        </test-method> <!-- teardown -->
        <test-method is-config="true" signature="setup()[pri:0, instance:com.mmt.qa.testCases.FlightsPageTest@10959ece]" started-at="2021-05-25T18:39:10 IST" name="setup" finished-at="2021-05-25T18:39:37 IST" duration-ms="27548" status="PASS">
          <reporter-output>
          </reporter-output>
        </test-method> <!-- setup -->
        <test-method signature="from_City_selection_test()[pri:3, instance:com.mmt.qa.testCases.FlightsPageTest@10959ece]" started-at="2021-05-25T18:39:37 IST" name="from_City_selection_test" finished-at="2021-05-25T18:39:45 IST" duration-ms="7684" status="PASS">
          <reporter-output>
          </reporter-output>
        </test-method> <!-- from_City_selection_test -->
        <test-method is-config="true" signature="teardown()[pri:0, instance:com.mmt.qa.testCases.FlightsPageTest@10959ece]" started-at="2021-05-25T18:39:45 IST" name="teardown" finished-at="2021-05-25T18:39:45 IST" duration-ms="309" status="PASS">
          <reporter-output>
          </reporter-output>
        </test-method> <!-- teardown -->
      </class> <!-- com.mmt.qa.testCases.FlightsPageTest -->
      <class name="com.mmt.qa.testCases.SignInTest">
        <test-method is-config="true" signature="setup()[pri:0, instance:com.mmt.qa.testCases.SignInTest@3a6bb9bf]" started-at="2021-05-25T18:38:00 IST" name="setup" finished-at="2021-05-25T18:38:27 IST" duration-ms="26594" status="PASS">
          <reporter-output>
          </reporter-output>
        </test-method> <!-- setup -->
        <test-method signature="validate_signIn_test()[pri:1, instance:com.mmt.qa.testCases.SignInTest@3a6bb9bf]" started-at="2021-05-25T18:38:27 IST" name="validate_signIn_test" finished-at="2021-05-25T18:38:36 IST" duration-ms="9627" status="FAIL">
          <exception class="org.openqa.selenium.ElementClickInterceptedException">
            <message>
              <![CDATA[element click intercepted: Element <p>...</p> is not clickable at point (934, 23). Other element would receive the click: <div data-cy="outsideModal" class="loginModal displayBlock modalLogin dynHeight personal "></div>
  (Session info: chrome=87.0.4280.141)
Build info: version: '3.14.0', revision: 'aacccce0', time: '2018-08-02T20:19:58.91Z'
System info: host: 'IND04-L-6YTV5P2', ip: '10.160.250.201', os.name: 'Windows 10', os.arch: 'amd64', os.version: '10.0', java.version: '15.0.1'
Driver info: org.openqa.selenium.chrome.ChromeDriver
Capabilities {acceptInsecureCerts: false, browserName: chrome, browserVersion: 87.0.4280.141, chrome: {chromedriverVersion: 87.0.4280.88 (89e2380a3e36c..., userDataDir: C:\Users\10294465\AppData\L...}, goog:chromeOptions: {debuggerAddress: localhost:1369}, javascriptEnabled: true, networkConnectionEnabled: false, pageLoadStrategy: normal, platform: WINDOWS, platformName: WINDOWS, proxy: Proxy(), setWindowRect: true, strictFileInteractability: false, timeouts: {implicit: 0, pageLoad: 300000, script: 30000}, unhandledPromptBehavior: dismiss and notify, webauthn:virtualAuthenticators: true}
Session ID: 25977a451da730ea8bddf20397f12810]]>
            </message>
            <full-stacktrace>
              <![CDATA[org.openqa.selenium.ElementClickInterceptedException: element click intercepted: Element <p>...</p> is not clickable at point (934, 23). Other element would receive the click: <div data-cy="outsideModal" class="loginModal displayBlock modalLogin dynHeight personal "></div>
  (Session info: chrome=87.0.4280.141)
Build info: version: '3.14.0', revision: 'aacccce0', time: '2018-08-02T20:19:58.91Z'
System info: host: 'IND04-L-6YTV5P2', ip: '10.160.250.201', os.name: 'Windows 10', os.arch: 'amd64', os.version: '10.0', java.version: '15.0.1'
Driver info: org.openqa.selenium.chrome.ChromeDriver
Capabilities {acceptInsecureCerts: false, browserName: chrome, browserVersion: 87.0.4280.141, chrome: {chromedriverVersion: 87.0.4280.88 (89e2380a3e36c..., userDataDir: C:\Users\10294465\AppData\L...}, goog:chromeOptions: {debuggerAddress: localhost:1369}, javascriptEnabled: true, networkConnectionEnabled: false, pageLoadStrategy: normal, platform: WINDOWS, platformName: WINDOWS, proxy: Proxy(), setWindowRect: true, strictFileInteractability: false, timeouts: {implicit: 0, pageLoad: 300000, script: 30000}, unhandledPromptBehavior: dismiss and notify, webauthn:virtualAuthenticators: true}
Session ID: 25977a451da730ea8bddf20397f12810
at java.base/jdk.internal.reflect.NativeConstructorAccessorImpl.newInstance0(Native Method)
at java.base/jdk.internal.reflect.NativeConstructorAccessorImpl.newInstance(NativeConstructorAccessorImpl.java:64)
at java.base/jdk.internal.reflect.DelegatingConstructorAccessorImpl.newInstance(DelegatingConstructorAccessorImpl.java:45)
at java.base/java.lang.reflect.Constructor.newInstanceWithCaller(Constructor.java:500)
at java.base/java.lang.reflect.Constructor.newInstance(Constructor.java:481)
at org.openqa.selenium.remote.http.W3CHttpResponseCodec.createException(W3CHttpResponseCodec.java:187)
at org.openqa.selenium.remote.http.W3CHttpResponseCodec.decode(W3CHttpResponseCodec.java:122)
at org.openqa.selenium.remote.http.W3CHttpResponseCodec.decode(W3CHttpResponseCodec.java:49)
at org.openqa.selenium.remote.HttpCommandExecutor.execute(HttpCommandExecutor.java:158)
at org.openqa.selenium.remote.service.DriverCommandExecutor.execute(DriverCommandExecutor.java:83)
at org.openqa.selenium.remote.RemoteWebDriver.execute(RemoteWebDriver.java:548)
at org.openqa.selenium.remote.RemoteWebElement.execute(RemoteWebElement.java:276)
at org.openqa.selenium.remote.RemoteWebElement.click(RemoteWebElement.java:83)
at java.base/jdk.internal.reflect.NativeMethodAccessorImpl.invoke0(Native Method)
at java.base/jdk.internal.reflect.NativeMethodAccessorImpl.invoke(NativeMethodAccessorImpl.java:64)
at java.base/jdk.internal.reflect.DelegatingMethodAccessorImpl.invoke(DelegatingMethodAccessorImpl.java:43)
at java.base/java.lang.reflect.Method.invoke(Method.java:564)
at org.openqa.selenium.support.pagefactory.internal.LocatingElementHandler.invoke(LocatingElementHandler.java:51)
at com.sun.proxy.$Proxy12.click(Unknown Source)
at com.mmt.qa.pages.HomePage.click_btn_signIn(HomePage.java:48)
at com.mmt.qa.testCases.SignInTest.validate_signIn_test(SignInTest.java:28)
at java.base/jdk.internal.reflect.NativeMethodAccessorImpl.invoke0(Native Method)
at java.base/jdk.internal.reflect.NativeMethodAccessorImpl.invoke(NativeMethodAccessorImpl.java:64)
at java.base/jdk.internal.reflect.DelegatingMethodAccessorImpl.invoke(DelegatingMethodAccessorImpl.java:43)
at java.base/java.lang.reflect.Method.invoke(Method.java:564)
at org.testng.internal.MethodInvocationHelper.invokeMethod(MethodInvocationHelper.java:133)
at org.testng.internal.TestInvoker.invokeMethod(TestInvoker.java:584)
at org.testng.internal.TestInvoker.invokeTestMethod(TestInvoker.java:172)
at org.testng.internal.MethodRunner.runInSequence(MethodRunner.java:46)
at org.testng.internal.TestInvoker$MethodInvocationAgent.invoke(TestInvoker.java:804)
at org.testng.internal.TestInvoker.invokeTestMethods(TestInvoker.java:145)
at org.testng.internal.TestMethodWorker.invokeTestMethods(TestMethodWorker.java:146)
at org.testng.internal.TestMethodWorker.run(TestMethodWorker.java:128)
at java.base/java.util.concurrent.ThreadPoolExecutor.runWorker(ThreadPoolExecutor.java:1130)
at java.base/java.util.concurrent.ThreadPoolExecutor$Worker.run(ThreadPoolExecutor.java:630)
at java.base/java.lang.Thread.run(Thread.java:832)
]]>
            </full-stacktrace>
          </exception> <!-- org.openqa.selenium.ElementClickInterceptedException -->
          <reporter-output>
          </reporter-output>
        </test-method> <!-- validate_signIn_test -->
        <test-method is-config="true" signature="teardown()[pri:0, instance:com.mmt.qa.testCases.SignInTest@3a6bb9bf]" started-at="2021-05-25T18:38:36 IST" name="teardown" finished-at="2021-05-25T18:38:36 IST" duration-ms="0" status="PASS">
          <reporter-output>
          </reporter-output>
        </test-method> <!-- teardown -->
      </class> <!-- com.mmt.qa.testCases.SignInTest -->
    </test> <!-- Test1 -->
  </suite> <!-- MakeMyTrip -->
</testng-results>
